2025-12-31 12:17:20,387 - __main__ - INFO - ============================================================
2025-12-31 12:17:20,388 - __main__ - INFO - Educational Video Automation Pipeline v2.0
2025-12-31 12:17:20,388 - __main__ - INFO - Single JSON Design - Self-Contained Questions
2025-12-31 12:17:20,388 - __main__ - INFO - ============================================================
2025-12-31 12:17:20,388 - __main__ - INFO - Initializing modules...
2025-12-31 12:17:20,414 - modules.question_selector - INFO - Loaded 2000 questions from data\questions.json
2025-12-31 12:17:20,431 - modules.question_selector - INFO - Loaded 2 used question IDs
2025-12-31 12:17:20,432 - modules.question_selector - INFO - All questions validated successfully
2025-12-31 12:17:20,432 - modules.image_generator - WARNING - Custom font not found, using default with larger sizes
2025-12-31 12:17:20,440 - modules.image_generator - INFO - Loaded system font: segoeui.ttf
2025-12-31 12:17:20,440 - __main__ - INFO - Question bank stats: 2/2000 used (0.1%)
2025-12-31 12:17:20,441 - __main__ - INFO - Remaining by difficulty: {'medium': 666, 'hard': 664, 'easy': 668}
2025-12-31 12:17:20,441 - __main__ - INFO - 
[Step 1/6] Selecting question with metadata...
2025-12-31 12:17:20,441 - modules.question_selector - INFO - Selected question ID: 3
2025-12-31 12:17:20,441 - __main__ - INFO - Selected: Question ID 3
2025-12-31 12:17:20,441 - __main__ - INFO - Difficulty: medium
2025-12-31 12:17:20,442 - __main__ - INFO - Question: A cistern can be filled by two pipes in 20 and 30 ...
2025-12-31 12:17:20,442 - __main__ - INFO - 
[Step 2/6] Extracting caption and description...
2025-12-31 12:17:20,442 - __main__ - INFO - Caption: Pipes and cisterns challenge! 💧
2025-12-31 12:17:20,442 - __main__ - INFO - Description length: 288 chars
2025-12-31 12:17:20,442 - __main__ - INFO - Hashtags count: 10
2025-12-31 12:17:20,442 - __main__ - INFO - 
[Step 3/6] Generating question image...
2025-12-31 12:17:20,442 - modules.image_generator - INFO - Generating image for question ID: 3
2025-12-31 12:17:20,457 - modules.image_generator - INFO - Dynamic Sizing: Q=65px (was 70), Opt=55px (was 60)
2025-12-31 12:17:20,533 - modules.image_generator - INFO - Image saved to: assets\temp\question_3.png
2025-12-31 12:17:20,535 - __main__ - INFO - Image created: assets/temp/question_3.png
2025-12-31 12:17:20,535 - __main__ - INFO - 
[Step 4/6] Creating video...
2025-12-31 12:17:20,535 - modules.video_creator - INFO - Creating video for question ID: 3
2025-12-31 12:17:22,589 - modules.video_creator - INFO - Video created successfully: video\video_3.mp4
2025-12-31 12:17:22,769 - modules.video_creator - INFO - Video verification: 20.000000,600
2025-12-31 12:17:22,770 - __main__ - INFO - Video created: video/video_3.mp4
2025-12-31 12:17:22,770 - __main__ - INFO - 
Cleaning up temporary files...
2025-12-31 12:17:22,771 - __main__ - INFO - 
============================================================
2025-12-31 12:17:22,771 - __main__ - INFO - Pipeline execution completed successfully!
2025-12-31 12:17:22,771 - __main__ - INFO - Question ID: 3
2025-12-31 12:17:22,772 - __main__ - INFO - Difficulty: medium
2025-12-31 12:17:22,772 - __main__ - INFO - Caption used: Pipes and cisterns challenge! ...
2025-12-31 12:17:22,772 - __main__ - INFO - ============================================================
2025-12-31 12:21:23,158 - __main__ - INFO - ============================================================
2025-12-31 12:21:23,158 - __main__ - INFO - Educational Video Automation Pipeline v2.0
2025-12-31 12:21:23,159 - __main__ - INFO - Single JSON Design - Self-Contained Questions
2025-12-31 12:21:23,159 - __main__ - INFO - ============================================================
2025-12-31 12:21:23,159 - __main__ - INFO - Initializing modules...
2025-12-31 12:21:23,174 - modules.question_selector - INFO - Loaded 2000 questions from data\questions.json
2025-12-31 12:21:23,175 - modules.question_selector - INFO - Loaded 2 used question IDs
2025-12-31 12:21:23,176 - modules.question_selector - INFO - All questions validated successfully
2025-12-31 12:21:23,177 - modules.image_generator - WARNING - Custom font not found, using default with larger sizes
2025-12-31 12:21:23,178 - modules.image_generator - INFO - Loaded system font: segoeui.ttf
2025-12-31 12:21:23,179 - __main__ - INFO - Question bank stats: 2/2000 used (0.1%)
2025-12-31 12:21:23,179 - __main__ - INFO - Remaining by difficulty: {'medium': 666, 'hard': 664, 'easy': 668}
2025-12-31 12:21:23,179 - __main__ - INFO - 
[Step 1/6] Selecting question with metadata...
2025-12-31 12:21:23,180 - modules.question_selector - INFO - Selected question ID: 3
2025-12-31 12:21:23,180 - __main__ - INFO - Selected: Question ID 3
2025-12-31 12:21:23,180 - __main__ - INFO - Difficulty: medium
2025-12-31 12:21:23,180 - __main__ - INFO - Question: A cistern can be filled by two pipes in 20 and 30 ...
2025-12-31 12:21:23,180 - __main__ - INFO - 
[Step 2/6] Extracting caption and description...
2025-12-31 12:21:23,180 - __main__ - INFO - Caption: Pipes and cisterns challenge! 💧
2025-12-31 12:21:23,180 - __main__ - INFO - Description length: 288 chars
2025-12-31 12:21:23,180 - __main__ - INFO - Hashtags count: 10
2025-12-31 12:21:23,181 - __main__ - INFO - 
[Step 3/6] Generating question image...
2025-12-31 12:21:23,181 - modules.image_generator - INFO - Generating image for question ID: 3
2025-12-31 12:21:23,195 - modules.image_generator - INFO - Dynamic Sizing: Q=65px (was 70), Opt=55px (was 60)
2025-12-31 12:21:23,239 - modules.image_generator - INFO - Image saved to: assets\temp\question_3.png
2025-12-31 12:21:23,240 - __main__ - INFO - Image created: assets/temp/question_3.png
2025-12-31 12:21:23,240 - __main__ - INFO - 
[Step 4/6] Creating video...
2025-12-31 12:21:23,241 - modules.video_creator - INFO - Creating video for question ID: 3
2025-12-31 12:21:23,241 - modules.video_creator - INFO - Found background music: assets\music\Life of Riley - Kevin MacLeod.mp3
2025-12-31 12:21:25,365 - modules.video_creator - INFO - Video created successfully: video\video_3.mp4
2025-12-31 12:21:25,409 - modules.video_creator - INFO - Video verification: 20.000000,600
2025-12-31 12:21:25,409 - __main__ - INFO - Video created: video/video_3.mp4
2025-12-31 12:21:25,409 - __main__ - INFO - 
Cleaning up temporary files...
2025-12-31 12:21:25,410 - __main__ - INFO - 
============================================================
2025-12-31 12:21:25,410 - __main__ - INFO - Pipeline execution completed successfully!
2025-12-31 12:21:25,410 - __main__ - INFO - Question ID: 3
2025-12-31 12:21:25,410 - __main__ - INFO - Difficulty: medium
2025-12-31 12:21:25,410 - __main__ - INFO - Caption used: Pipes and cisterns challenge! ...
2025-12-31 12:21:25,410 - __main__ - INFO - ============================================================
2025-12-31 12:42:31,257 - __main__ - INFO - ============================================================
2025-12-31 12:42:31,258 - __main__ - INFO - Educational Video Automation Pipeline v2.0
2025-12-31 12:42:31,258 - __main__ - INFO - Single JSON Design - Self-Contained Questions
2025-12-31 12:42:31,258 - __main__ - INFO - ============================================================
2025-12-31 12:42:31,258 - __main__ - INFO - Initializing modules...
2025-12-31 12:42:31,279 - modules.question_selector - INFO - Loaded 2000 questions from data\questions.json
2025-12-31 12:42:31,279 - modules.question_selector - INFO - Loaded 0 used question IDs
2025-12-31 12:42:31,280 - modules.question_selector - INFO - All questions validated successfully
2025-12-31 12:42:31,281 - modules.image_generator - WARNING - Custom font not found, using default with larger sizes
2025-12-31 12:42:31,285 - modules.image_generator - INFO - Loaded system font: segoeui.ttf
2025-12-31 12:42:31,286 - __main__ - INFO - Question bank stats: 0/2000 used (0.0%)
2025-12-31 12:42:31,286 - __main__ - INFO - Remaining by difficulty: {'easy': 670, 'medium': 666, 'hard': 664}
2025-12-31 12:42:31,286 - __main__ - INFO - 
[Step 1/6] Selecting question with metadata...
2025-12-31 12:42:31,287 - modules.question_selector - INFO - Selected question ID: 1
2025-12-31 12:42:31,287 - __main__ - INFO - Selected: Question ID 1
2025-12-31 12:42:31,287 - __main__ - INFO - Difficulty: easy
2025-12-31 12:42:31,287 - __main__ - INFO - Question: If a book costs Rs. 250 and is sold at a 20% disco...
2025-12-31 12:42:31,287 - __main__ - INFO - 
[Step 2/6] Extracting caption and description...
2025-12-31 12:42:31,287 - __main__ - INFO - Caption: Quick discount calculation! 💰
2025-12-31 12:42:31,287 - __main__ - INFO - Description length: 237 chars
2025-12-31 12:42:31,287 - __main__ - INFO - Hashtags count: 10
2025-12-31 12:42:31,287 - __main__ - INFO - 
[Step 3/6] Generating question image...
2025-12-31 12:42:31,287 - modules.image_generator - INFO - Generating image for question ID: 1
2025-12-31 12:42:31,299 - modules.image_generator - INFO - Dynamic Sizing: Q=70px (was 70), Opt=60px (was 60)
2025-12-31 12:42:31,355 - modules.image_generator - INFO - Image saved to: assets\temp\question_1.png
2025-12-31 12:42:31,357 - __main__ - INFO - Image created: assets/temp/question_1.png
2025-12-31 12:42:31,357 - __main__ - INFO - 
[Step 4/6] Creating video...
2025-12-31 12:42:31,357 - modules.video_creator - INFO - Creating video for question ID: 1
2025-12-31 12:42:31,358 - modules.video_creator - INFO - Found background music: assets\music\Life of Riley - Kevin MacLeod.mp3
2025-12-31 12:42:33,390 - modules.video_creator - INFO - Video created successfully: assets\temp\video_1.mp4
2025-12-31 12:42:33,436 - modules.video_creator - INFO - Video verification: 20.000000,600
2025-12-31 12:42:33,436 - __main__ - INFO - Video created: assets/temp/video_1.mp4
2025-12-31 12:42:33,436 - __main__ - INFO - 
[Step 5/6] Uploading to social media...
2025-12-31 12:42:33,436 - __main__ - INFO - Using caption: Quick discount calculation! 💰
2025-12-31 12:42:33,436 - __main__ - INFO - Using description with 10 hashtags
2025-12-31 12:42:33,436 - modules.upload_manager - INFO - Uploading to Facebook Reels...
2025-12-31 12:42:35,688 - modules.upload_manager - INFO - Upload session initialized: 719487124234643
2025-12-31 12:42:39,095 - modules.upload_manager - INFO - Video file uploaded
2025-12-31 12:42:45,776 - modules.upload_manager - INFO - Facebook upload response: {'success': True, 'message': 'Video is Processing. To check the status of the video, please follow the instructions listed at https://developers.facebook.com/docs/video-api/guides/reels-publishing#get-the-upload-status.', 'post_id': '122099037051192349'}
2025-12-31 12:42:45,776 - modules.upload_manager - INFO - Facebook upload successful
2025-12-31 12:42:45,782 - modules.upload_manager - INFO - Uploading to YouTube Shorts...
2025-12-31 12:42:47,516 - googleapiclient.discovery_cache - INFO - file_cache is only supported with oauth2client<4.0.0
2025-12-31 12:42:52,103 - modules.upload_manager - INFO - YouTube upload successful: v6LBYQyvYlY
2025-12-31 12:42:52,104 - __main__ - INFO - Facebook: ✅ Success
2025-12-31 12:42:52,104 - __main__ - INFO - Youtube: ✅ Success
2025-12-31 12:42:52,104 - __main__ - INFO - 
[Step 6/6] Sending Telegram notification...
2025-12-31 12:42:52,745 - modules.telegram_notifier - WARNING - Telegram send failed (attempt 1/3): ('Connection aborted.', ConnectionResetError(10054, 'An existing connection was forcibly closed by the remote host', None, 10054, None)). Retrying...
2025-12-31 12:42:55,487 - modules.telegram_notifier - WARNING - Telegram send failed (attempt 2/3): ('Connection aborted.', ConnectionResetError(10054, 'An existing connection was forcibly closed by the remote host', None, 10054, None)). Retrying...
2025-12-31 12:42:58,223 - modules.telegram_notifier - ERROR - Failed to send Telegram message after 3 attempts: ('Connection aborted.', ConnectionResetError(10054, 'An existing connection was forcibly closed by the remote host', None, 10054, None))
2025-12-31 12:42:58,224 - modules.question_selector - INFO - Marked question 1 as used
2025-12-31 12:42:58,224 - __main__ - INFO - Question 1 marked as used
2025-12-31 12:42:58,225 - __main__ - INFO - 
Cleaning up temporary files...
2025-12-31 12:42:58,227 - __main__ - INFO - 
============================================================
2025-12-31 12:42:58,228 - __main__ - INFO - Pipeline execution completed successfully!
2025-12-31 12:42:58,229 - __main__ - INFO - Question ID: 1
2025-12-31 12:42:58,229 - __main__ - INFO - Difficulty: easy
2025-12-31 12:42:58,229 - __main__ - INFO - Caption used: Quick discount calculation! 💰...
2025-12-31 12:42:58,230 - __main__ - INFO - ============================================================
2025-12-31 18:46:23,802 - __main__ - INFO - ============================================================
2025-12-31 18:46:23,802 - __main__ - INFO - Educational Video Automation Pipeline v2.0
2025-12-31 18:46:23,802 - __main__ - INFO - Single JSON Design - Self-Contained Questions
2025-12-31 18:46:23,802 - __main__ - INFO - ============================================================
2025-12-31 18:46:23,803 - __main__ - INFO - Initializing modules...
2025-12-31 18:46:23,840 - modules.question_selector - INFO - Loaded 4000 questions from data\questions.json
2025-12-31 18:46:23,841 - modules.question_selector - INFO - Loaded 2 used question IDs
2025-12-31 18:46:23,843 - modules.question_selector - INFO - All questions validated successfully
2025-12-31 18:46:23,844 - modules.image_generator - WARNING - Custom font not found, using default with larger sizes
2025-12-31 18:46:23,852 - modules.image_generator - INFO - Loaded system font: segoeui.ttf
2025-12-31 18:46:23,854 - __main__ - INFO - Question bank stats: 2/4000 used (0.05%)
2025-12-31 18:46:23,854 - __main__ - INFO - Remaining by difficulty: {'medium': 1334, 'hard': 1328, 'easy': 1336}
2025-12-31 18:46:25,437 - __main__ - INFO - Facebook Token Status: 59 days remaining
2025-12-31 18:46:25,437 - __main__ - INFO - 
[Step 1/6] Selecting question with metadata...
2025-12-31 18:46:25,437 - modules.question_selector - INFO - Selected question ID: 3
2025-12-31 18:46:25,438 - __main__ - INFO - Selected: Question ID 3
2025-12-31 18:46:25,438 - __main__ - INFO - Difficulty: medium
2025-12-31 18:46:25,438 - __main__ - INFO - Question: A cistern can be filled by two pipes in 20 and 30 ...
2025-12-31 18:46:25,438 - __main__ - INFO - 
[Step 2/6] Extracting caption and description...
2025-12-31 18:46:25,438 - __main__ - INFO - Caption: Pipes and cisterns challenge! 💧
2025-12-31 18:46:25,438 - __main__ - INFO - Description length: 298 chars
2025-12-31 18:46:25,438 - __main__ - INFO - Hashtags count: 10
2025-12-31 18:46:25,439 - __main__ - INFO - 
[Step 3/6] Generating question image...
2025-12-31 18:46:25,439 - modules.image_generator - INFO - Generating image for question ID: 3
2025-12-31 18:46:25,457 - modules.image_generator - INFO - Dynamic Sizing: Q=65px (was 70), Opt=55px (was 60)
2025-12-31 18:46:25,520 - modules.image_generator - INFO - Image saved to: assets\temp\question_3.png
2025-12-31 18:46:25,521 - __main__ - INFO - Image created: assets/temp/question_3.png
2025-12-31 18:46:25,521 - __main__ - INFO - 
[Step 4/6] Creating video...
2025-12-31 18:46:25,521 - modules.video_creator - INFO - Creating video for question ID: 3
2025-12-31 18:46:25,522 - modules.video_creator - INFO - Found background music: assets\music\Life of Riley - Kevin MacLeod.mp3
2025-12-31 18:46:27,771 - modules.video_creator - INFO - Video created successfully: video\video_3.mp4
2025-12-31 18:46:27,835 - modules.video_creator - INFO - Video verification: 20.000000,600
2025-12-31 18:46:27,836 - __main__ - INFO - Video created: video/video_3.mp4
2025-12-31 18:46:27,836 - __main__ - INFO - 
Cleaning up temporary files...
2025-12-31 18:46:27,837 - __main__ - INFO - 
============================================================
2025-12-31 18:46:27,837 - __main__ - INFO - Pipeline execution completed successfully!
2025-12-31 18:46:27,837 - __main__ - INFO - Question ID: 3
2025-12-31 18:46:27,837 - __main__ - INFO - Difficulty: medium
2025-12-31 18:46:27,838 - __main__ - INFO - Caption used: Pipes and cisterns challenge! ...
2025-12-31 18:46:27,838 - __main__ - INFO - ============================================================
2025-12-31 18:48:57,903 - __main__ - INFO - ============================================================
2025-12-31 18:48:57,903 - __main__ - INFO - Educational Video Automation Pipeline v2.0
2025-12-31 18:48:57,903 - __main__ - INFO - Single JSON Design - Self-Contained Questions
2025-12-31 18:48:57,904 - __main__ - INFO - ============================================================
2025-12-31 18:48:57,904 - __main__ - INFO - Initializing modules...
2025-12-31 18:48:57,941 - modules.question_selector - INFO - Loaded 4000 questions from data\questions.json
2025-12-31 18:48:57,941 - modules.question_selector - INFO - Loaded 2 used question IDs
2025-12-31 18:48:57,943 - modules.question_selector - INFO - All questions validated successfully
2025-12-31 18:48:57,944 - modules.image_generator - WARNING - Custom font not found, using default with larger sizes
2025-12-31 18:48:57,946 - modules.image_generator - INFO - Loaded system font: segoeui.ttf
2025-12-31 18:48:57,947 - __main__ - INFO - Question bank stats: 2/4000 used (0.05%)
2025-12-31 18:48:57,947 - __main__ - INFO - Remaining by difficulty: {'medium': 1334, 'hard': 1328, 'easy': 1336}
2025-12-31 18:48:58,993 - __main__ - INFO - Facebook Token Status: 59 days remaining
2025-12-31 18:48:58,993 - __main__ - INFO - 
[Step 1/6] Selecting question with metadata...
2025-12-31 18:48:58,994 - modules.question_selector - INFO - Selected question ID: 3
2025-12-31 18:48:58,994 - __main__ - INFO - Selected: Question ID 3
2025-12-31 18:48:58,994 - __main__ - INFO - Difficulty: medium
2025-12-31 18:48:58,994 - __main__ - INFO - Question: A cistern can be filled by two pipes in 20 and 30 ...
2025-12-31 18:48:58,995 - __main__ - INFO - 
[Step 2/6] Extracting caption and description...
2025-12-31 18:48:58,995 - __main__ - INFO - Caption: Pipes and cisterns challenge! 💧
2025-12-31 18:48:58,995 - __main__ - INFO - Description length: 298 chars
2025-12-31 18:48:58,995 - __main__ - INFO - Hashtags count: 10
2025-12-31 18:48:58,995 - __main__ - INFO - 
[Step 3/6] Generating question image...
2025-12-31 18:48:58,995 - modules.image_generator - INFO - Generating image for question ID: 3
2025-12-31 18:48:59,011 - modules.image_generator - INFO - Dynamic Sizing: Q=65px (was 70), Opt=55px (was 60)
2025-12-31 18:48:59,062 - modules.image_generator - INFO - Image saved to: assets\temp\question_3.png
2025-12-31 18:48:59,063 - __main__ - INFO - Image created: assets/temp/question_3.png
2025-12-31 18:48:59,063 - __main__ - INFO - 
[Step 4/6] Creating video...
2025-12-31 18:48:59,064 - modules.video_creator - INFO - Creating video for question ID: 3
2025-12-31 18:48:59,064 - modules.video_creator - INFO - Found background music: assets\music\Life of Riley - Kevin MacLeod.mp3
2025-12-31 18:49:01,294 - modules.video_creator - INFO - Video created successfully: video\video_3.mp4
2025-12-31 18:49:01,343 - modules.video_creator - INFO - Video verification: 20.000000,600
2025-12-31 18:49:01,344 - __main__ - INFO - Video created: video/video_3.mp4
2025-12-31 18:49:01,344 - __main__ - INFO - 
Cleaning up temporary files...
2025-12-31 18:49:01,345 - __main__ - INFO - 
============================================================
2025-12-31 18:49:01,345 - __main__ - INFO - Pipeline execution completed successfully!
2025-12-31 18:49:01,345 - __main__ - INFO - Question ID: 3
2025-12-31 18:49:01,345 - __main__ - INFO - Difficulty: medium
2025-12-31 18:49:01,346 - __main__ - INFO - Caption used: Pipes and cisterns challenge! ...
2025-12-31 18:49:01,346 - __main__ - INFO - ============================================================
2025-12-31 18:49:19,615 - __main__ - INFO - ============================================================
2025-12-31 18:49:19,616 - __main__ - INFO - Educational Video Automation Pipeline v2.0
2025-12-31 18:49:19,616 - __main__ - INFO - Single JSON Design - Self-Contained Questions
2025-12-31 18:49:19,616 - __main__ - INFO - ============================================================
2025-12-31 18:49:19,616 - __main__ - INFO - Initializing modules...
2025-12-31 18:49:19,650 - modules.question_selector - INFO - Loaded 4000 questions from data\questions.json
2025-12-31 18:49:19,650 - modules.question_selector - INFO - Loaded 2 used question IDs
2025-12-31 18:49:19,653 - modules.question_selector - INFO - All questions validated successfully
2025-12-31 18:49:19,653 - modules.image_generator - WARNING - Custom font not found, using default with larger sizes
2025-12-31 18:49:19,655 - modules.image_generator - INFO - Loaded system font: segoeui.ttf
2025-12-31 18:49:19,657 - __main__ - INFO - Question bank stats: 2/4000 used (0.05%)
2025-12-31 18:49:19,657 - __main__ - INFO - Remaining by difficulty: {'medium': 1334, 'hard': 1328, 'easy': 1336}
2025-12-31 18:49:20,701 - __main__ - INFO - Facebook Token Status: 59 days remaining
2025-12-31 18:49:20,702 - __main__ - INFO - 
[Step 1/6] Selecting question with metadata...
2025-12-31 18:49:20,703 - modules.question_selector - INFO - Selected question ID: 3
2025-12-31 18:49:20,703 - __main__ - INFO - Selected: Question ID 3
2025-12-31 18:49:20,703 - __main__ - INFO - Difficulty: medium
2025-12-31 18:49:20,703 - __main__ - INFO - Question: A cistern can be filled by two pipes in 20 and 30 ...
2025-12-31 18:49:20,703 - __main__ - INFO - 
[Step 2/6] Extracting caption and description...
2025-12-31 18:49:20,704 - __main__ - INFO - Caption: Pipes and cisterns challenge! 💧
2025-12-31 18:49:20,704 - __main__ - INFO - Description length: 298 chars
2025-12-31 18:49:20,704 - __main__ - INFO - Hashtags count: 10
2025-12-31 18:49:20,704 - __main__ - INFO - 
[Step 3/6] Generating question image...
2025-12-31 18:49:20,705 - modules.image_generator - INFO - Generating image for question ID: 3
2025-12-31 18:49:20,719 - modules.image_generator - INFO - Dynamic Sizing: Q=65px (was 70), Opt=55px (was 60)
2025-12-31 18:49:20,772 - modules.image_generator - INFO - Image saved to: assets\temp\question_3.png
2025-12-31 18:49:20,773 - __main__ - INFO - Image created: assets/temp/question_3.png
2025-12-31 18:49:20,774 - __main__ - INFO - 
[Step 4/6] Creating video...
2025-12-31 18:49:20,774 - modules.video_creator - INFO - Creating video for question ID: 3
2025-12-31 18:49:20,775 - modules.video_creator - INFO - Found background music: assets\music\Life of Riley - Kevin MacLeod.mp3
2025-12-31 18:49:22,808 - modules.video_creator - INFO - Video created successfully: video\video_3.mp4
2025-12-31 18:49:22,849 - modules.video_creator - INFO - Video verification: 20.000000,600
2025-12-31 18:49:22,850 - __main__ - INFO - Video created: video/video_3.mp4
2025-12-31 18:49:22,850 - __main__ - INFO - 
Cleaning up temporary files...
2025-12-31 18:49:22,850 - __main__ - INFO - 
============================================================
2025-12-31 18:49:22,851 - __main__ - INFO - Pipeline execution completed successfully!
2025-12-31 18:49:22,851 - __main__ - INFO - Question ID: 3
2025-12-31 18:49:22,851 - __main__ - INFO - Difficulty: medium
2025-12-31 18:49:22,851 - __main__ - INFO - Caption used: Pipes and cisterns challenge! ...
2025-12-31 18:49:22,851 - __main__ - INFO - ============================================================
2025-12-31 18:51:30,891 - __main__ - INFO - ============================================================
2025-12-31 18:51:30,891 - __main__ - INFO - Educational Video Automation Pipeline v2.0
2025-12-31 18:51:30,892 - __main__ - INFO - Single JSON Design - Self-Contained Questions
2025-12-31 18:51:30,892 - __main__ - INFO - ============================================================
2025-12-31 18:51:30,892 - __main__ - INFO - Initializing modules...
2025-12-31 18:51:30,924 - modules.question_selector - INFO - Loaded 4000 questions from data\questions.json
2025-12-31 18:51:30,924 - modules.question_selector - INFO - Loaded 2 used question IDs
2025-12-31 18:51:30,926 - modules.question_selector - INFO - All questions validated successfully
2025-12-31 18:51:30,927 - modules.image_generator - WARNING - Custom font not found, using default with larger sizes
2025-12-31 18:51:30,934 - modules.image_generator - INFO - Loaded system font: seguiemj.ttf
2025-12-31 18:51:30,936 - __main__ - INFO - Question bank stats: 2/4000 used (0.05%)
2025-12-31 18:51:30,936 - __main__ - INFO - Remaining by difficulty: {'medium': 1334, 'hard': 1328, 'easy': 1336}
2025-12-31 18:51:31,954 - __main__ - INFO - Facebook Token Status: 59 days remaining
2025-12-31 18:51:31,954 - __main__ - INFO - 
[Step 1/6] Selecting question with metadata...
2025-12-31 18:51:31,955 - modules.question_selector - INFO - Selected question ID: 3
2025-12-31 18:51:31,955 - __main__ - INFO - Selected: Question ID 3
2025-12-31 18:51:31,955 - __main__ - INFO - Difficulty: medium
2025-12-31 18:51:31,955 - __main__ - INFO - Question: A cistern can be filled by two pipes in 20 and 30 ...
2025-12-31 18:51:31,955 - __main__ - INFO - 
[Step 2/6] Extracting caption and description...
2025-12-31 18:51:31,956 - __main__ - INFO - Caption: Pipes and cisterns challenge! 💧
2025-12-31 18:51:31,956 - __main__ - INFO - Description length: 298 chars
2025-12-31 18:51:31,956 - __main__ - INFO - Hashtags count: 10
2025-12-31 18:51:31,956 - __main__ - INFO - 
[Step 3/6] Generating question image...
2025-12-31 18:51:31,956 - modules.image_generator - INFO - Generating image for question ID: 3
2025-12-31 18:51:31,975 - modules.image_generator - INFO - Dynamic Sizing: Q=65px (was 70), Opt=55px (was 60)
2025-12-31 18:51:32,027 - modules.image_generator - INFO - Image saved to: assets\temp\question_3.png
2025-12-31 18:51:32,028 - __main__ - INFO - Image created: assets/temp/question_3.png
2025-12-31 18:51:32,028 - __main__ - INFO - 
[Step 4/6] Creating video...
2025-12-31 18:51:32,029 - modules.video_creator - INFO - Creating video for question ID: 3
2025-12-31 18:51:32,029 - modules.video_creator - INFO - Found background music: assets\music\Life of Riley - Kevin MacLeod.mp3
2025-12-31 18:51:34,121 - modules.video_creator - INFO - Video created successfully: video\video_3.mp4
2025-12-31 18:51:34,155 - modules.video_creator - INFO - Video verification: 20.000000,600
2025-12-31 18:51:34,155 - __main__ - INFO - Video created: video/video_3.mp4
2025-12-31 18:51:34,155 - __main__ - INFO - 
Cleaning up temporary files...
2025-12-31 18:51:34,156 - __main__ - INFO - 
============================================================
2025-12-31 18:51:34,156 - __main__ - INFO - Pipeline execution completed successfully!
2025-12-31 18:51:34,156 - __main__ - INFO - Question ID: 3
2025-12-31 18:51:34,157 - __main__ - INFO - Difficulty: medium
2025-12-31 18:51:34,157 - __main__ - INFO - Caption used: Pipes and cisterns challenge! ...
2025-12-31 18:51:34,157 - __main__ - INFO - ============================================================
